# JRE version: OpenJDK Runtime Environment (11.0.8+10) (build 11.0.8+10-b944.6842174)
# Java VM: OpenJDK 64-Bit Server VM (11.0.8+10-b944.6842174, mixed mode, tiered, compressed oops, g1 gc, windows-amd64)
Heap:
 garbage-first heap   total 479232K, used 236713K [0x0000000080000000, 0x0000000100000000)
  region size 1024K, 3 young (3072K), 3 survivors (3072K)
 Metaspace       used 242824K, capacity 250277K, committed 251388K, reserved 1267712K
  class space    used 29498K, capacity 31993K, committed 32384K, reserved 1048576K
GC Heap History (20 events):
Event: 1981.274 GC heap after
{Heap after GC invocations=209 (full 0):
 garbage-first heap   total 380928K, used 177405K [0x0000000080000000, 0x0000000100000000)
  region size 1024K, 2 young (2048K), 2 survivors (2048K)
 Metaspace       used 233406K, capacity 240447K, committed 241148K, reserved 1259520K
  class space    used 28245K, capacity 30575K, committed 30848K, reserved 1048576K
}
Event: 1982.739 GC heap before
{Heap before GC invocations=209 (full 0):
 garbage-first heap   total 380928K, used 303357K [0x0000000080000000, 0x0000000100000000)
  region size 1024K, 126 young (129024K), 2 survivors (2048K)
 Metaspace       used 239312K, capacity 246816K, committed 246908K, reserved 1265664K
  class space    used 29200K, capacity 31705K, committed 31744K, reserved 1048576K
}
Event: 1982.767 GC heap after
{Heap after GC invocations=210 (full 0):
 garbage-first heap   total 380928K, used 197111K [0x0000000080000000, 0x0000000100000000)
  region size 1024K, 16 young (16384K), 16 survivors (16384K)
 Metaspace       used 239312K, capacity 246816K, committed 246908K, reserved 1265664K
  class space    used 29200K, capacity 31705K, committed 31744K, reserved 1048576K
}
Event: 1983.561 GC heap before
{Heap before GC invocations=211 (full 0):
 garbage-first heap   total 380928K, used 306176K [0x0000000080000000, 0x0000000100000000)
  region size 1024K, 124 young (126976K), 16 survivors (16384K)
 Metaspace       used 242025K, capacity 249746K, committed 249980K, reserved 1267712K
  class space    used 29584K, capacity 32184K, committed 32256K, reserved 1048576K
}
Event: 1983.576 GC heap after
{Heap after GC invocations=212 (full 0):
 garbage-first heap   total 380928K, used 197755K [0x0000000080000000, 0x0000000100000000)
  region size 1024K, 5 young (5120K), 5 survivors (5120K)
 Metaspace       used 242025K, capacity 249746K, committed 249980K, reserved 1267712K
  class space    used 29584K, capacity 32184K, committed 32256K, reserved 1048576K
}
Event: 1983.634 GC heap before
{Heap before GC invocations=212 (full 0):
 garbage-first heap   total 380928K, used 210043K [0x0000000080000000, 0x0000000100000000)
  region size 1024K, 18 young (18432K), 5 survivors (5120K)
 Metaspace       used 242067K, capacity 249812K, committed 249980K, reserved 1267712K
  class space    used 29584K, capacity 32184K, committed 32256K, reserved 1048576K
}
Event: 1983.648 GC heap after
{Heap after GC invocations=213 (full 0):
 garbage-first heap   total 380928K, used 192746K [0x0000000080000000, 0x0000000100000000)
  region size 1024K, 2 young (2048K), 2 survivors (2048K)
 Metaspace       used 242067K, capacity 249812K, committed 249980K, reserved 1267712K
  class space    used 29584K, capacity 32184K, committed 32256K, reserved 1048576K
}
Event: 1984.068 GC heap before
{Heap before GC invocations=213 (full 0):
 garbage-first heap   total 380928K, used 250090K [0x0000000080000000, 0x0000000100000000)
  region size 1024K, 60 young (61440K), 2 survivors (2048K)
 Metaspace       used 242415K, capacity 250145K, committed 250236K, reserved 1267712K
  class space    used 29614K, capacity 32224K, committed 32256K, reserved 1048576K
}
Event: 1984.074 GC heap after
{Heap after GC invocations=214 (full 0):
 garbage-first heap   total 380928K, used 190564K [0x0000000080000000, 0x0000000100000000)
  region size 1024K, 2 young (2048K), 2 survivors (2048K)
 Metaspace       used 242415K, capacity 250145K, committed 250236K, reserved 1267712K
  class space    used 29614K, capacity 32224K, committed 32256K, reserved 1048576K
}
Event: 1984.848 GC heap before
{Heap before GC invocations=215 (full 0):
 garbage-first heap   total 380928K, used 318564K [0x0000000080000000, 0x0000000100000000)
  region size 1024K, 113 young (115712K), 2 survivors (2048K)
 Metaspace       used 242758K, capacity 250216K, committed 251132K, reserved 1267712K
  class space    used 29515K, capacity 32027K, committed 32384K, reserved 1048576K
}
Event: 1984.885 GC heap after
{Heap after GC invocations=216 (full 0):
 garbage-first heap   total 380928K, used 235520K [0x0000000080000000, 0x0000000100000000)
  region size 1024K, 15 young (15360K), 15 survivors (15360K)
 Metaspace       used 242758K, capacity 250216K, committed 251132K, reserved 1267712K
  class space    used 29515K, capacity 32027K, committed 32384K, reserved 1048576K
}
Event: 1984.906 GC heap before
{Heap before GC invocations=216 (full 0):
 garbage-first heap   total 380928K, used 238592K [0x0000000080000000, 0x0000000100000000)
  region size 1024K, 18 young (18432K), 15 survivors (15360K)
 Metaspace       used 242761K, capacity 250217K, committed 251132K, reserved 1267712K
  class space    used 29515K, capacity 32027K, committed 32384K, reserved 1048576K
}
Event: 1984.934 GC heap after
{Heap after GC invocations=217 (full 0):
 garbage-first heap   total 380928K, used 235668K [0x0000000080000000, 0x0000000100000000)
  region size 1024K, 2 young (2048K), 2 survivors (2048K)
 Metaspace       used 242761K, capacity 250217K, committed 251132K, reserved 1267712K
  class space    used 29515K, capacity 32027K, committed 32384K, reserved 1048576K
}
Event: 1984.964 GC heap before
{Heap before GC invocations=217 (full 0):
 garbage-first heap   total 380928K, used 238740K [0x0000000080000000, 0x0000000100000000)
  region size 1024K, 6 young (6144K), 2 survivors (2048K)
 Metaspace       used 242763K, capacity 250217K, committed 251132K, reserved 1267712K
  class space    used 29516K, capacity 32027K, committed 32384K, reserved 1048576K
}
Event: 1984.971 GC heap after
{Heap after GC invocations=218 (full 0):
 garbage-first heap   total 380928K, used 234875K [0x0000000080000000, 0x0000000100000000)
  region size 1024K, 2 young (2048K), 2 survivors (2048K)
 Metaspace       used 242763K, capacity 250217K, committed 251132K, reserved 1267712K
  class space    used 29516K, capacity 32027K, committed 32384K, reserved 1048576K
}
Event: 1985.741 GC heap before
{Heap before GC invocations=219 (full 0):
 garbage-first heap   total 380928K, used 304507K [0x0000000080000000, 0x0000000100000000)
  region size 1024K, 65 young (66560K), 2 survivors (2048K)
 Metaspace       used 242824K, capacity 250277K, committed 251388K, reserved 1267712K
  class space    used 29498K, capacity 31993K, committed 32384K, reserved 1048576K
}
Event: 1985.753 GC heap after
{Heap after GC invocations=220 (full 0):
 garbage-first heap   total 380928K, used 250709K [0x0000000080000000, 0x0000000100000000)
  region size 1024K, 9 young (9216K), 9 survivors (9216K)
 Metaspace       used 242824K, capacity 250277K, committed 251388K, reserved 1267712K
  class space    used 29498K, capacity 31993K, committed 32384K, reserved 1048576K
}
Event: 1985.766 GC heap before
{Heap before GC invocations=220 (full 0):
 garbage-first heap   total 380928K, used 259925K [0x0000000080000000, 0x0000000100000000)
  region size 1024K, 18 young (18432K), 9 survivors (9216K)
 Metaspace       used 242824K, capacity 250277K, committed 251388K, reserved 1267712K
  class space    used 29498K, capacity 31993K, committed 32384K, reserved 1048576K
}
Event: 1985.788 GC heap after
{Heap after GC invocations=221 (full 0):
 garbage-first heap   total 380928K, used 235966K [0x0000000080000000, 0x0000000100000000)
  region size 1024K, 3 young (3072K), 3 survivors (3072K)
 Metaspace       used 242824K, capacity 250277K, committed 251388K, reserved 1267712K
  class space    used 29498K, capacity 31993K, committed 32384K, reserved 1048576K
}
Event: 1985.796 GC heap before
{Heap before GC invocations=221 (full 0):
 garbage-first heap   total 380928K, used 240062K [0x0000000080000000, 0x0000000100000000)
  region size 1024K, 8 young (8192K), 3 survivors (3072K)
 Metaspace       used 242824K, capacity 250277K, committed 251388K, reserved 1267712K
  class space    used 29498K, capacity 31993K, committed 32384K, reserved 1048576K
}

