# JRE version: OpenJDK Runtime Environment (11.0.8+10) (build 11.0.8+10-b944.6842174)
# Java VM: OpenJDK 64-Bit Server VM (11.0.8+10-b944.6842174, mixed mode, tiered, compressed oops, g1 gc, windows-amd64)
Heap:
 garbage-first heap   total 292864K, used 130984K [0x0000000080000000, 0x0000000100000000)
  region size 1024K, 1 young (1024K), 1 survivors (1024K)
 Metaspace       used 91902K, capacity 94203K, committed 94540K, reserved 1130496K
  class space    used 11965K, capacity 12791K, committed 12876K, reserved 1048576K
GC Heap History (20 events):
Event: 12.075 GC heap after
{Heap after GC invocations=26 (full 0):
 garbage-first heap   total 172032K, used 81808K [0x0000000080000000, 0x0000000100000000)
  region size 1024K, 6 young (6144K), 6 survivors (6144K)
 Metaspace       used 84022K, capacity 86115K, committed 86348K, reserved 1124352K
  class space    used 10825K, capacity 11539K, committed 11596K, reserved 1048576K
}
Event: 12.168 GC heap before
{Heap before GC invocations=26 (full 0):
 garbage-first heap   total 172032K, used 92048K [0x0000000080000000, 0x0000000100000000)
  region size 1024K, 18 young (18432K), 6 survivors (6144K)
 Metaspace       used 84263K, capacity 86310K, committed 86348K, reserved 1124352K
  class space    used 10846K, capacity 11577K, committed 11596K, reserved 1048576K
}
Event: 12.173 GC heap after
{Heap after GC invocations=27 (full 0):
 garbage-first heap   total 172032K, used 82905K [0x0000000080000000, 0x0000000100000000)
  region size 1024K, 5 young (5120K), 5 survivors (5120K)
 Metaspace       used 84263K, capacity 86310K, committed 86348K, reserved 1124352K
  class space    used 10846K, capacity 11577K, committed 11596K, reserved 1048576K
}
Event: 12.714 GC heap before
{Heap before GC invocations=28 (full 0):
 garbage-first heap   total 172032K, used 142297K [0x0000000080000000, 0x0000000100000000)
  region size 1024K, 53 young (54272K), 5 survivors (5120K)
 Metaspace       used 87064K, capacity 89148K, committed 89292K, reserved 1126400K
  class space    used 11225K, capacity 11925K, committed 11980K, reserved 1048576K
}
Event: 12.728 GC heap after
{Heap after GC invocations=29 (full 0):
 garbage-first heap   total 172032K, used 99224K [0x0000000080000000, 0x0000000100000000)
  region size 1024K, 7 young (7168K), 7 survivors (7168K)
 Metaspace       used 87064K, capacity 89148K, committed 89292K, reserved 1126400K
  class space    used 11225K, capacity 11925K, committed 11980K, reserved 1048576K
}
Event: 12.738 GC heap before
{Heap before GC invocations=29 (full 0):
 garbage-first heap   total 172032K, used 100248K [0x0000000080000000, 0x0000000100000000)
  region size 1024K, 8 young (8192K), 7 survivors (7168K)
 Metaspace       used 87066K, capacity 89148K, committed 89292K, reserved 1126400K
  class space    used 11225K, capacity 11925K, committed 11980K, reserved 1048576K
}
Event: 12.745 GC heap after
{Heap after GC invocations=30 (full 0):
 garbage-first heap   total 172032K, used 95402K [0x0000000080000000, 0x0000000100000000)
  region size 1024K, 1 young (1024K), 1 survivors (1024K)
 Metaspace       used 87066K, capacity 89148K, committed 89292K, reserved 1126400K
  class space    used 11225K, capacity 11925K, committed 11980K, reserved 1048576K
}
Event: 13.034 GC heap before
{Heap before GC invocations=30 (full 0):
 garbage-first heap   total 172032K, used 135338K [0x0000000080000000, 0x0000000100000000)
  region size 1024K, 41 young (41984K), 1 survivors (1024K)
 Metaspace       used 89029K, capacity 91139K, committed 91212K, reserved 1128448K
  class space    used 11594K, capacity 12310K, committed 12364K, reserved 1048576K
}
Event: 13.055 GC heap after
{Heap after GC invocations=31 (full 0):
 garbage-first heap   total 172032K, used 112050K [0x0000000080000000, 0x0000000100000000)
  region size 1024K, 6 young (6144K), 6 survivors (6144K)
 Metaspace       used 89029K, capacity 91139K, committed 91212K, reserved 1128448K
  class space    used 11594K, capacity 12310K, committed 12364K, reserved 1048576K
}
Event: 13.181 GC heap before
{Heap before GC invocations=31 (full 0):
 garbage-first heap   total 172032K, used 135602K [0x0000000080000000, 0x0000000100000000)
  region size 1024K, 30 young (30720K), 6 survivors (6144K)
 Metaspace       used 89075K, capacity 91207K, committed 91468K, reserved 1128448K
  class space    used 11594K, capacity 12310K, committed 12364K, reserved 1048576K
}
Event: 13.207 GC heap after
{Heap after GC invocations=32 (full 0):
 garbage-first heap   total 215040K, used 125952K [0x0000000080000000, 0x0000000100000000)
  region size 1024K, 4 young (4096K), 4 survivors (4096K)
 Metaspace       used 89075K, capacity 91207K, committed 91468K, reserved 1128448K
  class space    used 11594K, capacity 12310K, committed 12364K, reserved 1048576K
}
Event: 13.742 GC heap before
{Heap before GC invocations=33 (full 0):
 garbage-first heap   total 215040K, used 162816K [0x0000000080000000, 0x0000000100000000)
  region size 1024K, 40 young (40960K), 4 survivors (4096K)
 Metaspace       used 91594K, capacity 93934K, committed 94028K, reserved 1130496K
  class space    used 11965K, capacity 12797K, committed 12876K, reserved 1048576K
}
Event: 13.756 GC heap after
{Heap after GC invocations=34 (full 0):
 garbage-first heap   total 215040K, used 134108K [0x0000000080000000, 0x0000000100000000)
  region size 1024K, 5 young (5120K), 5 survivors (5120K)
 Metaspace       used 91594K, capacity 93934K, committed 94028K, reserved 1130496K
  class space    used 11965K, capacity 12797K, committed 12876K, reserved 1048576K
}
Event: 13.800 GC heap before
{Heap before GC invocations=34 (full 0):
 garbage-first heap   total 215040K, used 139228K [0x0000000080000000, 0x0000000100000000)
  region size 1024K, 10 young (10240K), 5 survivors (5120K)
 Metaspace       used 91609K, capacity 93999K, committed 94284K, reserved 1130496K
  class space    used 11965K, capacity 12797K, committed 12876K, reserved 1048576K
}
Event: 13.808 GC heap after
{Heap after GC invocations=35 (full 0):
 garbage-first heap   total 215040K, used 133886K [0x0000000080000000, 0x0000000100000000)
  region size 1024K, 2 young (2048K), 2 survivors (2048K)
 Metaspace       used 91609K, capacity 93999K, committed 94284K, reserved 1130496K
  class space    used 11965K, capacity 12797K, committed 12876K, reserved 1048576K
}
Event: 13.894 GC heap before
{Heap before GC invocations=35 (full 0):
 garbage-first heap   total 215040K, used 142078K [0x0000000080000000, 0x0000000100000000)
  region size 1024K, 12 young (12288K), 2 survivors (2048K)
 Metaspace       used 91617K, capacity 94000K, committed 94284K, reserved 1130496K
  class space    used 11965K, capacity 12797K, committed 12876K, reserved 1048576K
}
Event: 13.898 GC heap after
{Heap after GC invocations=36 (full 0):
 garbage-first heap   total 215040K, used 134144K [0x0000000080000000, 0x0000000100000000)
  region size 1024K, 2 young (2048K), 2 survivors (2048K)
 Metaspace       used 91617K, capacity 94000K, committed 94284K, reserved 1130496K
  class space    used 11965K, capacity 12797K, committed 12876K, reserved 1048576K
}
Event: 14.455 GC heap before
{Heap before GC invocations=37 (full 0):
 garbage-first heap   total 215040K, used 166912K [0x0000000080000000, 0x0000000100000000)
  region size 1024K, 36 young (36864K), 2 survivors (2048K)
 Metaspace       used 91900K, capacity 94203K, committed 94540K, reserved 1130496K
  class space    used 11965K, capacity 12791K, committed 12876K, reserved 1048576K
}
Event: 14.464 GC heap after
{Heap after GC invocations=38 (full 0):
 garbage-first heap   total 215040K, used 137159K [0x0000000080000000, 0x0000000100000000)
  region size 1024K, 5 young (5120K), 5 survivors (5120K)
 Metaspace       used 91900K, capacity 94203K, committed 94540K, reserved 1130496K
  class space    used 11965K, capacity 12791K, committed 12876K, reserved 1048576K
}
Event: 14.489 GC heap before
{Heap before GC invocations=38 (full 0):
 garbage-first heap   total 215040K, used 142279K [0x0000000080000000, 0x0000000100000000)
  region size 1024K, 10 young (10240K), 5 survivors (5120K)
 Metaspace       used 91902K, capacity 94203K, committed 94540K, reserved 1130496K
  class space    used 11965K, capacity 12791K, committed 12876K, reserved 1048576K
}

